\BOOKMARK [0][-]{chapter.1}{\376\377\000I\000n\000t\000r\000o\000d\000u\000c\000c\000i\000\363\000n}{}% 1
\BOOKMARK [1][-]{section.1.1}{\376\377\000M\000o\000t\000i\000v\000a\000c\000i\000\363\000n}{chapter.1}% 2
\BOOKMARK [1][-]{section.1.2}{\376\377\000O\000b\000j\000e\000t\000i\000v\000o}{chapter.1}% 3
\BOOKMARK [1][-]{section.1.3}{\376\377\000H\000i\000p\000\363\000t\000e\000s\000i\000s}{chapter.1}% 4
\BOOKMARK [1][-]{section.1.4}{\376\377\000C\000o\000n\000t\000r\000i\000b\000u\000c\000i\000o\000n\000e\000s}{chapter.1}% 5
\BOOKMARK [1][-]{section.1.5}{\376\377\000E\000s\000t\000r\000u\000c\000t\000u\000r\000a\000\040\000d\000e\000l\000\040\000d\000o\000c\000u\000m\000e\000n\000t\000o}{chapter.1}% 6
\BOOKMARK [0][-]{chapter.2}{\376\377\000F\000u\000n\000d\000a\000m\000e\000n\000t\000o\000s}{}% 7
\BOOKMARK [1][-]{section.2.1}{\376\377\000E\000l\000\040\000m\000o\000t\000o\000r\000:\000\040\000C\000F\000M\0005\0006\000-\0007\000B\0002\0006}{chapter.2}% 8
\BOOKMARK [1][-]{section.2.2}{\376\377\000E\000s\000t\000a\000c\000i\000o\000n\000e\000s\000\040\000y\000\040\000p\000a\000r\000\341\000m\000e\000t\000r\000o\000s\000\040\000c\000o\000r\000r\000e\000g\000i\000d\000o\000s}{chapter.2}% 9
\BOOKMARK [1][-]{section.2.3}{\376\377\000F\000o\000r\000m\000u\000l\000a\000c\000i\000\363\000n\000\040\000d\000e\000l\000\040\000G\000a\000s\000\040\000P\000a\000t\000h\000\040\000A\000n\000a\000l\000y\000s\000i\000s}{chapter.2}% 10
\BOOKMARK [1][-]{section.2.4}{\376\377\000F\000\355\000s\000i\000c\000a\000\040\000d\000e\000\040\000l\000a\000\040\000d\000e\000g\000r\000a\000d\000a\000c\000i\000\363\000n}{chapter.2}% 11
\BOOKMARK [0][-]{chapter.3}{\376\377\000M\000e\000t\000o\000d\000o\000l\000o\000g\000\355\000a\000\040\000y\000\040\000a\000r\000q\000u\000i\000t\000e\000c\000t\000u\000r\000a\000\040\000d\000e\000l\000\040\000b\000a\000n\000c\000o\000\040\000d\000e\000\040\000p\000r\000u\000e\000b\000a\000s}{}% 12
\BOOKMARK [1][-]{section.3.1}{\376\377\000A\000r\000q\000u\000i\000t\000e\000c\000t\000u\000r\000a\000\040\000g\000e\000n\000e\000r\000a\000l}{chapter.3}% 13
\BOOKMARK [1][-]{section.3.2}{\376\377\000S\000a\000l\000v\000a\000g\000u\000a\000r\000d\000a\000s\000\040\000m\000e\000t\000o\000d\000o\000l\000\363\000g\000i\000c\000a\000s}{chapter.3}% 14
\BOOKMARK [1][-]{section.3.3}{\376\377\000R\000e\000p\000r\000o\000d\000u\000c\000i\000b\000i\000l\000i\000d\000a\000d\000\040\000e\000\040\000i\000n\000f\000r\000a\000e\000s\000t\000r\000u\000c\000t\000u\000r\000a}{chapter.3}% 15
\BOOKMARK [1][-]{section.3.4}{\376\377\000M\000\351\000t\000r\000i\000c\000a\000s\000\040\000d\000e\000\040\000c\000o\000m\000p\000a\000r\000a\000c\000i\000\363\000n}{chapter.3}% 16
\BOOKMARK [0][-]{chapter.4}{\376\377\000G\000e\000m\000e\000l\000o\000\040\000t\000e\000r\000m\000o\000d\000i\000n\000\341\000m\000i\000c\000o\000\040\000d\000e\000l\000\040\000C\000F\000M\0005\0006\000-\0007\000B\0002\0006}{}% 17
\BOOKMARK [1][-]{section.4.1}{\376\377\000E\000s\000t\000r\000a\000t\000e\000g\000i\000a\000:\000\040\000a\000d\000a\000p\000t\000a\000r\000,\000\040\000n\000o\000\040\000c\000o\000n\000s\000t\000r\000u\000i\000r\000\040\000d\000e\000s\000d\000e\000\040\000c\000e\000r\000o}{chapter.4}% 18
\BOOKMARK [1][-]{section.4.2}{\376\377\000P\000u\000n\000t\000o\000\040\000d\000e\000\040\000d\000i\000s\000e\000\361\000o\000\040\000\050\000W\000P\0001\000.\0001\000\051}{chapter.4}% 19
\BOOKMARK [1][-]{section.4.3}{\376\377\000C\000a\000l\000i\000b\000r\000a\000c\000i\000\363\000n\000\040\000c\000o\000n\000t\000r\000a\000\040\000d\000a\000t\000o\000s\000\040\000m\000e\000d\000i\000d\000o\000s\000\040\000\050\000W\000P\0001\000.\0002\000\051}{chapter.4}% 20
\BOOKMARK [2][-]{subsection.4.3.1}{\376\377\000F\000u\000e\000n\000t\000e\000s\000\040\000d\000e\000\040\000d\000a\000t\000o\000s\000\040\000y\000\040\000f\000i\000l\000o\000s\000o\000f\000\355\000a}{section.4.3}% 21
\BOOKMARK [2][-]{subsection.4.3.2}{\376\377\000I\000t\000e\000r\000a\000c\000i\000o\000n\000e\000s\000\040\000d\000e\000\040\000c\000a\000l\000i\000b\000r\000a\000c\000i\000\363\000n}{section.4.3}% 22
\BOOKMARK [2][-]{subsection.4.3.3}{\376\377\000C\000o\000n\000v\000e\000r\000g\000e\000n\000c\000i\000a\000\040\000e\000n\000\040\000i\000d\000l\000e\000:\000\040\000d\000i\000a\000g\000n\000\363\000s\000t\000i\000c\000o\000\040\000y\000\040\000s\000o\000l\000u\000c\000i\000\363\000n}{section.4.3}% 23
\BOOKMARK [1][-]{section.4.4}{\376\377\000L\000i\000m\000i\000t\000a\000c\000i\000o\000n\000e\000s\000\040\000d\000e\000c\000l\000a\000r\000a\000d\000a\000s}{chapter.4}% 24
\BOOKMARK [1][-]{section.4.5}{\376\377\000V\000e\000r\000i\000f\000i\000c\000a\000c\000i\000\363\000n\000\040\000a\000u\000t\000o\000m\000a\000t\000i\000z\000a\000d\000a}{chapter.4}% 25
\BOOKMARK [0][-]{chapter.5}{\376\377\000T\000r\000a\000b\000a\000j\000o\000\040\000e\000n\000\040\000c\000u\000r\000s\000o\000\040\000y\000\040\000p\000l\000a\000n\000i\000f\000i\000c\000a\000c\000i\000\363\000n}{}% 26
\BOOKMARK [1][-]{section.5.1}{\376\377\000C\000i\000e\000r\000r\000e\000\040\000d\000e\000\040\000l\000a\000\040\000f\000a\000s\000e\000\040\000F\0001}{chapter.5}% 27
\BOOKMARK [1][-]{section.5.2}{\376\377\000F\000a\000s\000e\000s\000\040\000s\000i\000g\000u\000i\000e\000n\000t\000e\000s}{chapter.5}% 28
\BOOKMARK [1][-]{section.5.3}{\376\377\000R\000e\000g\000i\000s\000t\000r\000o\000\040\000d\000e\000\040\000h\000i\000t\000o\000s}{chapter.5}% 29
\BOOKMARK [0][-]{chapter*.5}{\376\377\000R\000e\000f\000e\000r\000e\000n\000c\000i\000a\000s}{}% 30
